<?xml version="1.0" encoding="UTF-8"?>
<testng-results ignored="0" total="5" passed="3" failed="2" skipped="0">
  <reporter-output>
    <line>
      <![CDATA[FbLogo is present=true]]>
    </line>
    <line>
      <![CDATA[LinkedInLogo is present=true]]>
    </line>
    <line>
      <![CDATA[Twitter Logo is present =true]]>
    </line>
  </reporter-output>
  <suite started-at="2025-02-20T10:34:17 IST" name="Default suite" finished-at="2025-02-20T10:34:40 IST" duration-ms="23266">
    <groups>
    </groups>
    <test started-at="2025-02-20T10:34:17 IST" name="Default test" finished-at="2025-02-20T10:34:40 IST" duration-ms="23266">
      <class name="testCases.InventorypageTest">
        <test-method is-config="true" signature="setUp()[pri:0, instance:testCases.InventorypageTest@7c137fd5]" started-at="2025-02-20T10:34:17 IST" name="setUp" finished-at="2025-02-20T10:34:39 IST" duration-ms="21670" status="PASS">
          <reporter-output>
          </reporter-output>
        </test-method> <!-- setUp -->
        <test-method signature="VerifyFbLogoTest()[pri:0, instance:testCases.InventorypageTest@7c137fd5]" started-at="2025-02-20T10:34:39 IST" name="VerifyFbLogoTest" finished-at="2025-02-20T10:34:39 IST" duration-ms="253" status="PASS">
          <reporter-output>
            <line>
              <![CDATA[FbLogo is present=true]]>
            </line>
          </reporter-output>
        </test-method> <!-- VerifyFbLogoTest -->
        <test-method signature="VerifyLinkedInLogoTest()[pri:0, instance:testCases.InventorypageTest@7c137fd5]" started-at="2025-02-20T10:34:39 IST" name="VerifyLinkedInLogoTest" finished-at="2025-02-20T10:34:39 IST" duration-ms="79" status="PASS">
          <reporter-output>
            <line>
              <![CDATA[LinkedInLogo is present=true]]>
            </line>
          </reporter-output>
        </test-method> <!-- VerifyLinkedInLogoTest -->
        <test-method signature="VerifyTwitterLogoTest()[pri:0, instance:testCases.InventorypageTest@7c137fd5]" started-at="2025-02-20T10:34:39 IST" name="VerifyTwitterLogoTest" finished-at="2025-02-20T10:34:39 IST" duration-ms="39" status="PASS">
          <reporter-output>
            <line>
              <![CDATA[Twitter Logo is present =true]]>
            </line>
          </reporter-output>
        </test-method> <!-- VerifyTwitterLogoTest -->
        <test-method signature="add6ProductTest()[pri:0, instance:testCases.InventorypageTest@7c137fd5]" started-at="2025-02-20T10:34:39 IST" name="add6ProductTest" finished-at="2025-02-20T10:34:39 IST" duration-ms="164" status="FAIL">
          <exception class="org.openqa.selenium.NoSuchElementException">
            <message>
              <![CDATA[Cannot locate option with text: Price(low to high)
For documentation on this error, please visit: https://www.selenium.dev/documentation/webdriver/troubleshooting/errors#no-such-element-exception
Build info: version: '4.11.0', revision: '040bc5406b'
System info: os.name: 'Windows 10', os.arch: 'amd64', os.version: '10.0', java.version: '17.0.6'
Driver info: driver.version: unknown]]>
            </message>
            <full-stacktrace>
              <![CDATA[org.openqa.selenium.NoSuchElementException: Cannot locate option with text: Price(low to high)
For documentation on this error, please visit: https://www.selenium.dev/documentation/webdriver/troubleshooting/errors#no-such-element-exception
Build info: version: '4.11.0', revision: '040bc5406b'
System info: os.name: 'Windows 10', os.arch: 'amd64', os.version: '10.0', java.version: '17.0.6'
Driver info: driver.version: unknown
at org.openqa.selenium.support.ui.Select.selectByVisibleText(Select.java:153)
at utility.HandleDropDown.handleselect(HandleDropDown.java:12)
at pages.Inventorypage.add6Product(Inventorypage.java:57)
at testCases.InventorypageTest.add6ProductTest(InventorypageTest.java:52)
at java.base/jdk.internal.reflect.NativeMethodAccessorImpl.invoke0(Native Method)
at java.base/jdk.internal.reflect.NativeMethodAccessorImpl.invoke(NativeMethodAccessorImpl.java:77)
at java.base/jdk.internal.reflect.DelegatingMethodAccessorImpl.invoke(DelegatingMethodAccessorImpl.java:43)
at java.base/java.lang.reflect.Method.invoke(Method.java:568)
at org.testng.internal.invokers.MethodInvocationHelper.invokeMethod(MethodInvocationHelper.java:139)
at org.testng.internal.invokers.TestInvoker.invokeMethod(TestInvoker.java:677)
at org.testng.internal.invokers.TestInvoker.invokeTestMethod(TestInvoker.java:221)
at org.testng.internal.invokers.MethodRunner.runInSequence(MethodRunner.java:50)
at org.testng.internal.invokers.TestInvoker$MethodInvocationAgent.invoke(TestInvoker.java:969)
at org.testng.internal.invokers.TestInvoker.invokeTestMethods(TestInvoker.java:194)
at org.testng.internal.invokers.TestMethodWorker.invokeTestMethods(TestMethodWorker.java:148)
at org.testng.internal.invokers.TestMethodWorker.run(TestMethodWorker.java:128)
at java.base/java.util.ArrayList.forEach(ArrayList.java:1511)
at org.testng.TestRunner.privateRun(TestRunner.java:829)
at org.testng.TestRunner.run(TestRunner.java:602)
at org.testng.SuiteRunner.runTest(SuiteRunner.java:437)
at org.testng.SuiteRunner.runSequentially(SuiteRunner.java:431)
at org.testng.SuiteRunner.privateRun(SuiteRunner.java:391)
at org.testng.SuiteRunner.run(SuiteRunner.java:330)
at org.testng.SuiteRunnerWorker.runSuite(SuiteRunnerWorker.java:52)
at org.testng.SuiteRunnerWorker.run(SuiteRunnerWorker.java:95)
at org.testng.TestNG.runSuitesSequentially(TestNG.java:1256)
at org.testng.TestNG.runSuitesLocally(TestNG.java:1176)
at org.testng.TestNG.runSuites(TestNG.java:1099)
at org.testng.TestNG.run(TestNG.java:1067)
at org.testng.remote.AbstractRemoteTestNG.run(AbstractRemoteTestNG.java:115)
at org.testng.remote.RemoteTestNG.initAndRun(RemoteTestNG.java:293)
at org.testng.remote.RemoteTestNG.main(RemoteTestNG.java:91)
]]>
            </full-stacktrace>
          </exception> <!-- org.openqa.selenium.NoSuchElementException -->
          <reporter-output>
          </reporter-output>
        </test-method> <!-- add6ProductTest -->
        <test-method signature="remove2productTest()[pri:0, instance:testCases.InventorypageTest@7c137fd5]" started-at="2025-02-20T10:34:39 IST" name="remove2productTest" finished-at="2025-02-20T10:34:39 IST" duration-ms="125" status="FAIL">
          <exception class="org.openqa.selenium.NoSuchElementException">
            <message>
              <![CDATA[Cannot locate option with text: Price(low to high)
For documentation on this error, please visit: https://www.selenium.dev/documentation/webdriver/troubleshooting/errors#no-such-element-exception
Build info: version: '4.11.0', revision: '040bc5406b'
System info: os.name: 'Windows 10', os.arch: 'amd64', os.version: '10.0', java.version: '17.0.6'
Driver info: driver.version: unknown]]>
            </message>
            <full-stacktrace>
              <![CDATA[org.openqa.selenium.NoSuchElementException: Cannot locate option with text: Price(low to high)
For documentation on this error, please visit: https://www.selenium.dev/documentation/webdriver/troubleshooting/errors#no-such-element-exception
Build info: version: '4.11.0', revision: '040bc5406b'
System info: os.name: 'Windows 10', os.arch: 'amd64', os.version: '10.0', java.version: '17.0.6'
Driver info: driver.version: unknown
at org.openqa.selenium.support.ui.Select.selectByVisibleText(Select.java:153)
at utility.HandleDropDown.handleselect(HandleDropDown.java:12)
at pages.Inventorypage.add6Product(Inventorypage.java:57)
at pages.Inventorypage.remove2product(Inventorypage.java:71)
at testCases.InventorypageTest.remove2productTest(InventorypageTest.java:61)
at java.base/jdk.internal.reflect.NativeMethodAccessorImpl.invoke0(Native Method)
at java.base/jdk.internal.reflect.NativeMethodAccessorImpl.invoke(NativeMethodAccessorImpl.java:77)
at java.base/jdk.internal.reflect.DelegatingMethodAccessorImpl.invoke(DelegatingMethodAccessorImpl.java:43)
at java.base/java.lang.reflect.Method.invoke(Method.java:568)
at org.testng.internal.invokers.MethodInvocationHelper.invokeMethod(MethodInvocationHelper.java:139)
at org.testng.internal.invokers.TestInvoker.invokeMethod(TestInvoker.java:677)
at org.testng.internal.invokers.TestInvoker.invokeTestMethod(TestInvoker.java:221)
at org.testng.internal.invokers.MethodRunner.runInSequence(MethodRunner.java:50)
at org.testng.internal.invokers.TestInvoker$MethodInvocationAgent.invoke(TestInvoker.java:969)
at org.testng.internal.invokers.TestInvoker.invokeTestMethods(TestInvoker.java:194)
at org.testng.internal.invokers.TestMethodWorker.invokeTestMethods(TestMethodWorker.java:148)
at org.testng.internal.invokers.TestMethodWorker.run(TestMethodWorker.java:128)
at java.base/java.util.ArrayList.forEach(ArrayList.java:1511)
at org.testng.TestRunner.privateRun(TestRunner.java:829)
at org.testng.TestRunner.run(TestRunner.java:602)
at org.testng.SuiteRunner.runTest(SuiteRunner.java:437)
at org.testng.SuiteRunner.runSequentially(SuiteRunner.java:431)
at org.testng.SuiteRunner.privateRun(SuiteRunner.java:391)
at org.testng.SuiteRunner.run(SuiteRunner.java:330)
at org.testng.SuiteRunnerWorker.runSuite(SuiteRunnerWorker.java:52)
at org.testng.SuiteRunnerWorker.run(SuiteRunnerWorker.java:95)
at org.testng.TestNG.runSuitesSequentially(TestNG.java:1256)
at org.testng.TestNG.runSuitesLocally(TestNG.java:1176)
at org.testng.TestNG.runSuites(TestNG.java:1099)
at org.testng.TestNG.run(TestNG.java:1067)
at org.testng.remote.AbstractRemoteTestNG.run(AbstractRemoteTestNG.java:115)
at org.testng.remote.RemoteTestNG.initAndRun(RemoteTestNG.java:293)
at org.testng.remote.RemoteTestNG.main(RemoteTestNG.java:91)
]]>
            </full-stacktrace>
          </exception> <!-- org.openqa.selenium.NoSuchElementException -->
          <reporter-output>
          </reporter-output>
        </test-method> <!-- remove2productTest -->
        <test-method is-config="true" signature="CloseBrowser()[pri:0, instance:testCases.InventorypageTest@7c137fd5]" started-at="2025-02-20T10:34:39 IST" name="CloseBrowser" finished-at="2025-02-20T10:34:40 IST" duration-ms="794" status="PASS">
          <reporter-output>
          </reporter-output>
        </test-method> <!-- CloseBrowser -->
      </class> <!-- testCases.InventorypageTest -->
    </test> <!-- Default test -->
  </suite> <!-- Default suite -->
</testng-results>
